# JRE version: OpenJDK Runtime Environment (17.0.9) (build 17.0.9+0--11185874)
# Java VM: OpenJDK 64-Bit Server VM (17.0.9+0--11185874, mixed mode, tiered, compressed oops, compressed class ptrs, g1 gc, windows-amd64)
GC Precious Log:
 CPUs: 8 total, 8 available
 Memory: 7959M
 Large Page Support: Disabled
 NUMA Support: Disabled
 Compressed Oops: Enabled (32-bit)
 Heap Region Size: 1M
 Heap Min Capacity: 8M
 Heap Initial Capacity: 126M
 Heap Max Capacity: 2G
 Pre-touch: Disabled
 Parallel Workers: 8
 Concurrent Workers: 2
 Concurrent Refinement Workers: 8
 Periodic GC: Disabled
Heap:
 garbage-first heap   total 324608K, used 273862K [0x0000000080000000, 0x0000000100000000)
  region size 1024K, 88 young (90112K), 11 survivors (11264K)
 Metaspace       used 127220K, committed 128320K, reserved 1179648K
  class space    used 16831K, committed 17344K, reserved 1048576K
GC Heap History (20 events):
Event: 21.526 GC heap before
{Heap before GC invocations=39 (full 0):
 garbage-first heap   total 163840K, used 140131K [0x0000000080000000, 0x0000000100000000)
  region size 1024K, 8 young (8192K), 2 survivors (2048K)
 Metaspace       used 101014K, committed 101824K, reserved 1179648K
  class space    used 13708K, committed 14144K, reserved 1048576K
}
Event: 21.535 GC heap after
{Heap after GC invocations=40 (full 0):
 garbage-first heap   total 324608K, used 136939K [0x0000000080000000, 0x0000000100000000)
  region size 1024K, 1 young (1024K), 1 survivors (1024K)
 Metaspace       used 101014K, committed 101824K, reserved 1179648K
  class space    used 13708K, committed 14144K, reserved 1048576K
}
Event: 23.481 GC heap before
{Heap before GC invocations=40 (full 0):
 garbage-first heap   total 324608K, used 216811K [0x0000000080000000, 0x0000000100000000)
  region size 1024K, 80 young (81920K), 1 survivors (1024K)
 Metaspace       used 101047K, committed 101952K, reserved 1179648K
  class space    used 13708K, committed 14144K, reserved 1048576K
}
Event: 23.490 GC heap after
{Heap after GC invocations=41 (full 0):
 garbage-first heap   total 324608K, used 144170K [0x0000000080000000, 0x0000000100000000)
  region size 1024K, 9 young (9216K), 9 survivors (9216K)
 Metaspace       used 101047K, committed 101952K, reserved 1179648K
  class space    used 13708K, committed 14144K, reserved 1048576K
}
Event: 24.607 GC heap before
{Heap before GC invocations=41 (full 0):
 garbage-first heap   total 324608K, used 226090K [0x0000000080000000, 0x0000000100000000)
  region size 1024K, 89 young (91136K), 9 survivors (9216K)
 Metaspace       used 101048K, committed 101952K, reserved 1179648K
  class space    used 13709K, committed 14144K, reserved 1048576K
}
Event: 24.614 GC heap after
{Heap after GC invocations=42 (full 0):
 garbage-first heap   total 324608K, used 147233K [0x0000000080000000, 0x0000000100000000)
  region size 1024K, 6 young (6144K), 6 survivors (6144K)
 Metaspace       used 101048K, committed 101952K, reserved 1179648K
  class space    used 13709K, committed 14144K, reserved 1048576K
}
Event: 27.362 GC heap before
{Heap before GC invocations=42 (full 0):
 garbage-first heap   total 324608K, used 239393K [0x0000000080000000, 0x0000000100000000)
  region size 1024K, 96 young (98304K), 6 survivors (6144K)
 Metaspace       used 101050K, committed 101952K, reserved 1179648K
  class space    used 13709K, committed 14144K, reserved 1048576K
}
Event: 27.369 GC heap after
{Heap after GC invocations=43 (full 0):
 garbage-first heap   total 324608K, used 150157K [0x0000000080000000, 0x0000000100000000)
  region size 1024K, 8 young (8192K), 8 survivors (8192K)
 Metaspace       used 101050K, committed 101952K, reserved 1179648K
  class space    used 13709K, committed 14144K, reserved 1048576K
}
Event: 28.467 GC heap before
{Heap before GC invocations=43 (full 0):
 garbage-first heap   total 324608K, used 249485K [0x0000000080000000, 0x0000000100000000)
  region size 1024K, 105 young (107520K), 8 survivors (8192K)
 Metaspace       used 101050K, committed 101952K, reserved 1179648K
  class space    used 13709K, committed 14144K, reserved 1048576K
}
Event: 28.474 GC heap after
{Heap after GC invocations=44 (full 0):
 garbage-first heap   total 324608K, used 153433K [0x0000000080000000, 0x0000000100000000)
  region size 1024K, 9 young (9216K), 9 survivors (9216K)
 Metaspace       used 101050K, committed 101952K, reserved 1179648K
  class space    used 13709K, committed 14144K, reserved 1048576K
}
Event: 30.309 GC heap before
{Heap before GC invocations=44 (full 0):
 garbage-first heap   total 324608K, used 274265K [0x0000000080000000, 0x0000000100000000)
  region size 1024K, 108 young (110592K), 9 survivors (9216K)
 Metaspace       used 103738K, committed 104512K, reserved 1179648K
  class space    used 13962K, committed 14336K, reserved 1048576K
}
Event: 30.327 GC heap after
{Heap after GC invocations=45 (full 0):
 garbage-first heap   total 324608K, used 162527K [0x0000000080000000, 0x0000000100000000)
  region size 1024K, 14 young (14336K), 14 survivors (14336K)
 Metaspace       used 103738K, committed 104512K, reserved 1179648K
  class space    used 13962K, committed 14336K, reserved 1048576K
}
Event: 33.370 GC heap before
{Heap before GC invocations=45 (full 0):
 garbage-first heap   total 324608K, used 255711K [0x0000000080000000, 0x0000000100000000)
  region size 1024K, 105 young (107520K), 14 survivors (14336K)
 Metaspace       used 112317K, committed 113216K, reserved 1179648K
  class space    used 15125K, committed 15488K, reserved 1048576K
}
Event: 33.387 GC heap after
{Heap after GC invocations=46 (full 0):
 garbage-first heap   total 324608K, used 169179K [0x0000000080000000, 0x0000000100000000)
  region size 1024K, 7 young (7168K), 7 survivors (7168K)
 Metaspace       used 112317K, committed 113216K, reserved 1179648K
  class space    used 15125K, committed 15488K, reserved 1048576K
}
Event: 34.800 GC heap before
{Heap before GC invocations=46 (full 0):
 garbage-first heap   total 324608K, used 259291K [0x0000000080000000, 0x0000000100000000)
  region size 1024K, 96 young (98304K), 7 survivors (7168K)
 Metaspace       used 114842K, committed 115712K, reserved 1179648K
  class space    used 15422K, committed 15808K, reserved 1048576K
}
Event: 34.811 GC heap after
{Heap after GC invocations=47 (full 0):
 garbage-first heap   total 324608K, used 177152K [0x0000000080000000, 0x0000000100000000)
  region size 1024K, 12 young (12288K), 12 survivors (12288K)
 Metaspace       used 114842K, committed 115712K, reserved 1179648K
  class space    used 15422K, committed 15808K, reserved 1048576K
}
Event: 1182.404 GC heap before
{Heap before GC invocations=47 (full 0):
 garbage-first heap   total 324608K, used 262144K [0x0000000080000000, 0x0000000100000000)
  region size 1024K, 96 young (98304K), 12 survivors (12288K)
 Metaspace       used 121230K, committed 122240K, reserved 1179648K
  class space    used 16061K, committed 16576K, reserved 1048576K
}
Event: 1182.552 GC heap after
{Heap after GC invocations=48 (full 0):
 garbage-first heap   total 324608K, used 180576K [0x0000000080000000, 0x0000000100000000)
  region size 1024K, 3 young (3072K), 3 survivors (3072K)
 Metaspace       used 121230K, committed 122240K, reserved 1179648K
  class space    used 16061K, committed 16576K, reserved 1048576K
}
Event: 1188.382 GC heap before
{Heap before GC invocations=48 (full 0):
 garbage-first heap   total 324608K, used 265568K [0x0000000080000000, 0x0000000100000000)
  region size 1024K, 87 young (89088K), 3 survivors (3072K)
 Metaspace       used 124779K, committed 125888K, reserved 1179648K
  class space    used 16590K, committed 17152K, reserved 1048576K
}
Event: 1188.470 GC heap after
{Heap after GC invocations=49 (full 0):
 garbage-first heap   total 324608K, used 187846K [0x0000000080000000, 0x0000000100000000)
  region size 1024K, 11 young (11264K), 11 survivors (11264K)
 Metaspace       used 124779K, committed 125888K, reserved 1179648K
  class space    used 16590K, committed 17152K, reserved 1048576K
}

